<?xml version="1.0" encoding="UTF-8"?>
<!-- Generated by org.testng.reporters.JUnitReportReporter -->
<testsuite skipped="0" hostname="DESKTOP-KU2SK7G" name="runner.RunnerTest" tests="1" failures="0" timestamp="11 Sep 2019 22:01:08 GMT" time="61.582" errors="0">
  <testcase name="feature" time="61.582" classname="runner.RunnerTest"/>
</testsuite> <!-- runner.RunnerTest -->
