<?xml version="1.0" encoding="UTF-8"?>
<!-- Generated by org.testng.reporters.JUnitReportReporter -->
<testsuite skipped="0" hostname="DESKTOP-KU2SK7G" name="runner.RunnerTest" tests="1" failures="0" timestamp="12 Jul 2019 23:01:56 GMT" time="23.416" errors="0">
  <testcase name="feature" time="23.416" classname="runner.RunnerTest"/>
</testsuite> <!-- runner.RunnerTest -->
