<?xml version="1.0" encoding="UTF-8"?>
<!-- Generated by org.testng.reporters.JUnitReportReporter -->
<testsuite skipped="0" hostname="DESKTOP-KU2SK7G" name="runner.RunnerTest" tests="1" failures="0" timestamp="16 May 2019 18:51:23 GMT" time="25.977" errors="0">
  <testcase name="feature" time="25.977" classname="runner.RunnerTest"/>
</testsuite> <!-- runner.RunnerTest -->
